<?xml version="1.0" encoding="UTF-8"?>
<!-- Generated by org.testng.reporters.JUnitXMLReporter -->
<testsuite hostname="DESKTOP-8OBLECF" ignored="0" name="Test" tests="2" failures="0" timestamp="2021-06-13T09:45:53 IST" time="3.193" errors="0">
  <testcase name="@BeforeClass startBrowser" time="0.135" classname="com.learnautomation.base.BaseClass">
    <failure type="java.lang.NullPointerException">
      <![CDATA[java.lang.NullPointerException
at com.learnautomation.factory.BrowserFactory.startBrowser(BrowserFactory.java:45)
at com.learnautomation.base.BaseClass.startBrowser(BaseClass.java:35)
at java.util.ArrayList.forEach(ArrayList.java:1257)
... Removed 29 stack frames]]>
    </failure>
  </testcase> <!-- @BeforeClass startBrowser -->
  <testcase name="@BeforeMethod setup" time="-1.623557753338E9" classname="com.learnautomation.testcases.LoginTest">
    <skipped/>
  </testcase> <!-- @BeforeMethod setup -->
  <testcase name="@AfterClass closeBrowser" time="-1.623557753397E9" classname="com.learnautomation.base.BaseClass">
    <skipped/>
  </testcase> <!-- @AfterClass closeBrowser -->
  <testcase name="adminLoginTest" time="0.0" classname="com.learnautomation.testcases.LoginTest">
    <skipped/>
  </testcase> <!-- adminLoginTest -->
  <testcase name="logoutTest" time="0.0" classname="com.learnautomation.testcases.LoginTest">
    <skipped/>
  </testcase> <!-- logoutTest -->
</testsuite> <!-- Test -->
