<?xml version="1.0" encoding="UTF-8"?>
<testsuite xmlns:xsi="http://www.w3.org/2001/XMLSchema-instance" xsi:noNamespaceSchemaLocation="https://maven.apache.org/surefire/maven-surefire-plugin/xsd/surefire-test-report-3.0.xsd" version="3.0" name="TestSuite" time="9.573" tests="5" errors="0" skipped="4" failures="1">
  <properties>
[...]
</properties>
  <testcase name="startBrowser[, ](0)" classname="com.learnautomation.testcases.LoginTest" time="3.767">
    <failure type="java.lang.NullPointerException"><![CDATA[java.lang.NullPointerException
]]></failure>
    <system-out><![CDATA[Sorry -Only Chrome,FF, Edge is supported for execution
]]></system-out>
  </testcase>
  <testcase name="setup" classname="com.learnautomation.testcases.LoginTest" time="0">
    <skipped/>
    <system-out><![CDATA[LOG:INFO- Generating Test Data
Loading excel for test data
Loaded excel for test data
LOG:INFO- Test Data Generated
]]></system-out>
  </testcase>
  <testcase name="adminLoginTest[Admin, admin123](1)" classname="com.learnautomation.testcases.LoginTest" time="0">
    <skipped/>
    <system-out><![CDATA[LOG:INFO- Test Started adminLoginTest
]]></system-out>
  </testcase>
  <testcase name="logoutTest" classname="com.learnautomation.testcases.LoginTest" time="0">
    <skipped message="Method LoginTest.logoutTest()[pri:2, instance:com.learnautomation.testcases.LoginTest@77e9807f] depends on not successfully finished methods"/>
    <system-out><![CDATA[LOG:INFO- Test Skipped adminLoginTest
LOG:INFO- Test Started logoutTest
]]></system-out>
  </testcase>
  <testcase name="closeBrowser" classname="com.learnautomation.testcases.LoginTest" time="0">
    <skipped/>
    <system-out><![CDATA[LOG:INFO- Test Skipped logoutTest
]]></system-out>
  </testcase>
</testsuite>